# JRE version: OpenJDK Runtime Environment (8.0_312-b07) (build 1.8.0_312-8u312-b07-0ubuntu1~20.04-b07)
# Java VM: OpenJDK 64-Bit Server VM (25.312-b07 mixed mode linux-amd64 compressed oops)
Heap:
 PSYoungGen      total 95232K, used 64951K [0x00000000d5580000, 0x00000000de080000, 0x0000000100000000)
  eden space 89600K, 72% used [0x00000000d5580000,0x00000000d94edda8,0x00000000dad00000)
  from space 5632K, 0% used [0x00000000dd000000,0x00000000dd000000,0x00000000dd580000)
  to   space 10752K, 0% used [0x00000000dd600000,0x00000000dd600000,0x00000000de080000)
 ParOldGen       total 272896K, used 30995K [0x0000000080000000, 0x0000000090a80000, 0x00000000d5580000)
  object space 272896K, 11% used [0x0000000080000000,0x0000000081e44d78,0x0000000090a80000)
 Metaspace       used 40208K, capacity 40730K, committed 41304K, reserved 1085440K
  class space    used 4480K, capacity 4616K, committed 4736K, reserved 1048576K
GC Heap History (10 events):
Event: 1,054 GC heap before
{Heap before GC invocations=1 (full 0):
 PSYoungGen      total 76288K, used 62182K [0x00000000d5580000, 0x00000000daa80000, 0x0000000100000000)
  eden space 65536K, 94% used [0x00000000d5580000,0x00000000d9239b00,0x00000000d9580000)
  from space 10752K, 0% used [0x00000000da000000,0x00000000da000000,0x00000000daa80000)
  to   space 10752K, 0% used [0x00000000d9580000,0x00000000d9580000,0x00000000da000000)
 ParOldGen       total 175104K, used 0K [0x0000000080000000, 0x000000008ab00000, 0x00000000d5580000)
  object space 175104K, 0% used [0x0000000080000000,0x0000000080000000,0x000000008ab00000)
 Metaspace       used 20777K, capacity 21034K, committed 21248K, reserved 1069056K
  class space    used 2412K, capacity 2520K, committed 2560K, reserved 1048576K
Event: 1,081 GC heap after
Heap after GC invocations=1 (full 0):
 PSYoungGen      total 76288K, used 10571K [0x00000000d5580000, 0x00000000dea80000, 0x0000000100000000)
  eden space 65536K, 0% used [0x00000000d5580000,0x00000000d5580000,0x00000000d9580000)
  from space 10752K, 98% used [0x00000000d9580000,0x00000000d9fd2d28,0x00000000da000000)
  to   space 10752K, 0% used [0x00000000de000000,0x00000000de000000,0x00000000dea80000)
 ParOldGen       total 175104K, used 24K [0x0000000080000000, 0x000000008ab00000, 0x00000000d5580000)
  object space 175104K, 0% used [0x0000000080000000,0x0000000080006000,0x000000008ab00000)
 Metaspace       used 20777K, capacity 21034K, committed 21248K, reserved 1069056K
  class space    used 2412K, capacity 2520K, committed 2560K, reserved 1048576K
}
Event: 1,081 GC heap before
{Heap before GC invocations=2 (full 1):
 PSYoungGen      total 76288K, used 10571K [0x00000000d5580000, 0x00000000dea80000, 0x0000000100000000)
  eden space 65536K, 0% used [0x00000000d5580000,0x00000000d5580000,0x00000000d9580000)
  from space 10752K, 98% used [0x00000000d9580000,0x00000000d9fd2d28,0x00000000da000000)
  to   space 10752K, 0% used [0x00000000de000000,0x00000000de000000,0x00000000dea80000)
 ParOldGen       total 175104K, used 24K [0x0000000080000000, 0x000000008ab00000, 0x00000000d5580000)
  object space 175104K, 0% used [0x0000000080000000,0x0000000080006000,0x000000008ab00000)
 Metaspace       used 20777K, capacity 21034K, committed 21248K, reserved 1069056K
  class space    used 2412K, capacity 2520K, committed 2560K, reserved 1048576K
Event: 1,144 GC heap after
Heap after GC invocations=2 (full 1):
 PSYoungGen      total 76288K, used 0K [0x00000000d5580000, 0x00000000dea80000, 0x0000000100000000)
  eden space 65536K, 0% used [0x00000000d5580000,0x00000000d5580000,0x00000000d9580000)
  from space 10752K, 0% used [0x00000000d9580000,0x00000000d9580000,0x00000000da000000)
  to   space 10752K, 0% used [0x00000000de000000,0x00000000de000000,0x00000000dea80000)
 ParOldGen       total 175104K, used 10196K [0x0000000080000000, 0x000000008ab00000, 0x00000000d5580000)
  object space 175104K, 5% used [0x0000000080000000,0x00000000809f5218,0x000000008ab00000)
 Metaspace       used 20777K, capacity 21034K, committed 21248K, reserved 1069056K
  class space    used 2412K, capacity 2520K, committed 2560K, reserved 1048576K
}
Event: 10,267 GC heap before
{Heap before GC invocations=3 (full 1):
 PSYoungGen      total 76288K, used 50647K [0x00000000d5580000, 0x00000000dea80000, 0x0000000100000000)
  eden space 65536K, 77% used [0x00000000d5580000,0x00000000d86f5f88,0x00000000d9580000)
  from space 10752K, 0% used [0x00000000d9580000,0x00000000d9580000,0x00000000da000000)
  to   space 10752K, 0% used [0x00000000de000000,0x00000000de000000,0x00000000dea80000)
 ParOldGen       total 175104K, used 10196K [0x0000000080000000, 0x000000008ab00000, 0x00000000d5580000)
  object space 175104K, 5% used [0x0000000080000000,0x00000000809f5218,0x000000008ab00000)
 Metaspace       used 30961K, capacity 31326K, committed 31872K, reserved 1077248K
  class space    used 3186K, capacity 3334K, committed 3456K, reserved 1048576K
Event: 10,272 GC heap after
Heap after GC invocations=3 (full 1):
 PSYoungGen      total 82944K, used 4700K [0x00000000d5580000, 0x00000000de500000, 0x0000000100000000)
  eden space 77824K, 0% used [0x00000000d5580000,0x00000000d5580000,0x00000000da180000)
  from space 5120K, 91% used [0x00000000de000000,0x00000000de497358,0x00000000de500000)
  to   space 10752K, 0% used [0x00000000dd000000,0x00000000dd000000,0x00000000dda80000)
 ParOldGen       total 175104K, used 10204K [0x0000000080000000, 0x000000008ab00000, 0x00000000d5580000)
  object space 175104K, 5% used [0x0000000080000000,0x00000000809f7218,0x000000008ab00000)
 Metaspace       used 30961K, capacity 31326K, committed 31872K, reserved 1077248K
  class space    used 3186K, capacity 3334K, committed 3456K, reserved 1048576K
}
Event: 15,065 GC heap before
{Heap before GC invocations=4 (full 1):
 PSYoungGen      total 82944K, used 61756K [0x00000000d5580000, 0x00000000de500000, 0x0000000100000000)
  eden space 77824K, 73% used [0x00000000d5580000,0x00000000d8d37d98,0x00000000da180000)
  from space 5120K, 91% used [0x00000000de000000,0x00000000de497358,0x00000000de500000)
  to   space 10752K, 0% used [0x00000000dd000000,0x00000000dd000000,0x00000000dda80000)
 ParOldGen       total 175104K, used 10204K [0x0000000080000000, 0x000000008ab00000, 0x00000000d5580000)
  object space 175104K, 5% used [0x0000000080000000,0x00000000809f7218,0x000000008ab00000)
 Metaspace       used 34729K, capacity 35084K, committed 35416K, reserved 1081344K
  class space    used 3759K, capacity 3899K, committed 3968K, reserved 1048576K
Event: 15,081 GC heap after
Heap after GC invocations=4 (full 1):
 PSYoungGen      total 95232K, used 5260K [0x00000000d5580000, 0x00000000de080000, 0x0000000100000000)
  eden space 89600K, 0% used [0x00000000d5580000,0x00000000d5580000,0x00000000dad00000)
  from space 5632K, 93% used [0x00000000dd000000,0x00000000dd5230b0,0x00000000dd580000)
  to   space 10752K, 0% used [0x00000000dd600000,0x00000000dd600000,0x00000000de080000)
 ParOldGen       total 175104K, used 57151K [0x0000000080000000, 0x000000008ab00000, 0x00000000d5580000)
  object space 175104K, 32% used [0x0000000080000000,0x00000000837cfe58,0x000000008ab00000)
 Metaspace       used 34729K, capacity 35084K, committed 35416K, reserved 1081344K
  class space    used 3759K, capacity 3899K, committed 3968K, reserved 1048576K
}
Event: 15,081 GC heap before
{Heap before GC invocations=5 (full 2):
 PSYoungGen      total 95232K, used 5260K [0x00000000d5580000, 0x00000000de080000, 0x0000000100000000)
  eden space 89600K, 0% used [0x00000000d5580000,0x00000000d5580000,0x00000000dad00000)
  from space 5632K, 93% used [0x00000000dd000000,0x00000000dd5230b0,0x00000000dd580000)
  to   space 10752K, 0% used [0x00000000dd600000,0x00000000dd600000,0x00000000de080000)
 ParOldGen       total 175104K, used 57151K [0x0000000080000000, 0x000000008ab00000, 0x00000000d5580000)
  object space 175104K, 32% used [0x0000000080000000,0x00000000837cfe58,0x000000008ab00000)
 Metaspace       used 34729K, capacity 35084K, committed 35416K, reserved 1081344K
  class space    used 3759K, capacity 3899K, committed 3968K, reserved 1048576K
Event: 15,109 GC heap after
Heap after GC invocations=5 (full 2):
 PSYoungGen      total 95232K, used 0K [0x00000000d5580000, 0x00000000de080000, 0x0000000100000000)
  eden space 89600K, 0% used [0x00000000d5580000,0x00000000d5580000,0x00000000dad00000)
  from space 5632K, 0% used [0x00000000dd000000,0x00000000dd000000,0x00000000dd580000)
  to   space 10752K, 0% used [0x00000000dd600000,0x00000000dd600000,0x00000000de080000)
 ParOldGen       total 272896K, used 30995K [0x0000000080000000, 0x0000000090a80000, 0x00000000d5580000)
  object space 272896K, 11% used [0x0000000080000000,0x0000000081e44d78,0x0000000090a80000)
 Metaspace       used 34729K, capacity 35084K, committed 35416K, reserved 1081344K
  class space    used 3759K, capacity 3899K, committed 3968K, reserved 1048576K
}

