# JRE version: Java(TM) SE Runtime Environment (8.0_111-b14) (build 1.8.0_111-b14)
# Java VM: Java HotSpot(TM) 64-Bit Server VM (25.111-b14 mixed mode windows-amd64 compressed oops)
Heap:
 PSYoungGen      total 557056K, used 48185K [0x00000000d5580000, 0x00000000fe600000, 0x0000000100000000)
  eden space 542208K, 6% used [0x00000000d5580000,0x00000000d7684780,0x00000000f6700000)
  from space 14848K, 96% used [0x00000000fd780000,0x00000000fe589da0,0x00000000fe600000)
  to   space 22528K, 0% used [0x00000000fba00000,0x00000000fba00000,0x00000000fd000000)
 ParOldGen       total 217600K, used 63295K [0x0000000080000000, 0x000000008d480000, 0x00000000d5580000)
  object space 217600K, 29% used [0x0000000080000000,0x0000000083dcfc50,0x000000008d480000)
 Metaspace       used 48413K, capacity 48834K, committed 49152K, reserved 1093632K
  class space    used 5717K, capacity 5830K, committed 5888K, reserved 1048576K
GC Heap History (10 events):
Event: 4018.014 GC heap before
{Heap before GC invocations=103 (full 19):
 PSYoungGen      total 681472K, used 665088K [0x00000000d5580000, 0x0000000100000000, 0x0000000100000000)
  eden space 665088K, 100% used [0x00000000d5580000,0x00000000fdf00000,0x00000000fdf00000)
  from space 16384K, 0% used [0x00000000fdf00000,0x00000000fdf00000,0x00000000fef00000)
  to   space 16384K, 0% used [0x00000000ff000000,0x00000000ff000000,0x0000000100000000)
 ParOldGen       total 217600K, used 39015K [0x0000000080000000, 0x000000008d480000, 0x00000000d5580000)
  object space 217600K, 17% used [0x0000000080000000,0x0000000082619df0,0x000000008d480000)
 Metaspace       used 48282K, capacity 48706K, committed 49152K, reserved 1093632K
  class space    used 5717K, capacity 5830K, committed 5888K, reserved 1048576K
Event: 4018.027 GC heap after
Heap after GC invocations=103 (full 19):
 PSYoungGen      total 653312K, used 15032K [0x00000000d5580000, 0x00000000fff00000, 0x0000000100000000)
  eden space 637952K, 0% used [0x00000000d5580000,0x00000000d5580000,0x00000000fc480000)
  from space 15360K, 97% used [0x00000000ff000000,0x00000000ffeae020,0x00000000fff00000)
  to   space 18944K, 0% used [0x00000000fda00000,0x00000000fda00000,0x00000000fec80000)
 ParOldGen       total 217600K, used 39023K [0x0000000080000000, 0x000000008d480000, 0x00000000d5580000)
  object space 217600K, 17% used [0x0000000080000000,0x000000008261bdf0,0x000000008d480000)
 Metaspace       used 48282K, capacity 48706K, committed 49152K, reserved 1093632K
  class space    used 5717K, capacity 5830K, committed 5888K, reserved 1048576K
}
Event: 4362.506 GC heap before
{Heap before GC invocations=104 (full 19):
 PSYoungGen      total 653312K, used 652984K [0x00000000d5580000, 0x00000000fff00000, 0x0000000100000000)
  eden space 637952K, 100% used [0x00000000d5580000,0x00000000fc480000,0x00000000fc480000)
  from space 15360K, 97% used [0x00000000ff000000,0x00000000ffeae020,0x00000000fff00000)
  to   space 18944K, 0% used [0x00000000fda00000,0x00000000fda00000,0x00000000fec80000)
 ParOldGen       total 217600K, used 39023K [0x0000000080000000, 0x000000008d480000, 0x00000000d5580000)
  object space 217600K, 17% used [0x0000000080000000,0x000000008261bdf0,0x000000008d480000)
 Metaspace       used 48325K, capacity 48770K, committed 49152K, reserved 1093632K
  class space    used 5717K, capacity 5830K, committed 5888K, reserved 1048576K
Event: 4362.519 GC heap after
Heap after GC invocations=104 (full 19):
 PSYoungGen      total 625664K, used 13280K [0x00000000d5580000, 0x00000000ff080000, 0x0000000100000000)
  eden space 612352K, 0% used [0x00000000d5580000,0x00000000d5580000,0x00000000fab80000)
  from space 13312K, 99% used [0x00000000fda00000,0x00000000fe6f8030,0x00000000fe700000)
  to   space 9728K, 0% used [0x00000000fe700000,0x00000000fe700000,0x00000000ff080000)
 ParOldGen       total 217600K, used 51313K [0x0000000080000000, 0x000000008d480000, 0x00000000d5580000)
  object space 217600K, 23% used [0x0000000080000000,0x000000008321c4d8,0x000000008d480000)
 Metaspace       used 48325K, capacity 48770K, committed 49152K, reserved 1093632K
  class space    used 5717K, capacity 5830K, committed 5888K, reserved 1048576K
}
Event: 4675.147 GC heap before
{Heap before GC invocations=105 (full 19):
 PSYoungGen      total 625664K, used 625632K [0x00000000d5580000, 0x00000000ff080000, 0x0000000100000000)
  eden space 612352K, 100% used [0x00000000d5580000,0x00000000fab80000,0x00000000fab80000)
  from space 13312K, 99% used [0x00000000fda00000,0x00000000fe6f8030,0x00000000fe700000)
  to   space 9728K, 0% used [0x00000000fe700000,0x00000000fe700000,0x00000000ff080000)
 ParOldGen       total 217600K, used 51313K [0x0000000080000000, 0x000000008d480000, 0x00000000d5580000)
  object space 217600K, 23% used [0x0000000080000000,0x000000008321c4d8,0x000000008d480000)
 Metaspace       used 48360K, capacity 48770K, committed 49152K, reserved 1093632K
  class space    used 5717K, capacity 5830K, committed 5888K, reserved 1048576K
Event: 4675.157 GC heap after
Heap after GC invocations=105 (full 19):
 PSYoungGen      total 596992K, used 8950K [0x00000000d5580000, 0x00000000ff000000, 0x0000000100000000)
  eden space 587776K, 0% used [0x00000000d5580000,0x00000000d5580000,0x00000000f9380000)
  from space 9216K, 97% used [0x00000000fe700000,0x00000000fefbda80,0x00000000ff000000)
  to   space 19968K, 0% used [0x00000000fc900000,0x00000000fc900000,0x00000000fdc80000)
 ParOldGen       total 217600K, used 63287K [0x0000000080000000, 0x000000008d480000, 0x00000000d5580000)
  object space 217600K, 29% used [0x0000000080000000,0x0000000083dcdc50,0x000000008d480000)
 Metaspace       used 48360K, capacity 48770K, committed 49152K, reserved 1093632K
  class space    used 5717K, capacity 5830K, committed 5888K, reserved 1048576K
}
Event: 4936.461 GC heap before
{Heap before GC invocations=106 (full 19):
 PSYoungGen      total 596992K, used 596726K [0x00000000d5580000, 0x00000000ff000000, 0x0000000100000000)
  eden space 587776K, 100% used [0x00000000d5580000,0x00000000f9380000,0x00000000f9380000)
  from space 9216K, 97% used [0x00000000fe700000,0x00000000fefbda80,0x00000000ff000000)
  to   space 19968K, 0% used [0x00000000fc900000,0x00000000fc900000,0x00000000fdc80000)
 ParOldGen       total 217600K, used 63287K [0x0000000080000000, 0x000000008d480000, 0x00000000d5580000)
  object space 217600K, 29% used [0x0000000080000000,0x0000000083dcdc50,0x000000008d480000)
 Metaspace       used 48380K, capacity 48834K, committed 49152K, reserved 1093632K
  class space    used 5717K, capacity 5830K, committed 5888K, reserved 1048576K
Event: 4936.470 GC heap after
Heap after GC invocations=106 (full 19):
 PSYoungGen      total 579072K, used 14417K [0x00000000d5580000, 0x00000000fe780000, 0x0000000100000000)
  eden space 564224K, 0% used [0x00000000d5580000,0x00000000d5580000,0x00000000f7c80000)
  from space 14848K, 97% used [0x00000000fc900000,0x00000000fd7144c8,0x00000000fd780000)
  to   space 16384K, 0% used [0x00000000fd780000,0x00000000fd780000,0x00000000fe780000)
 ParOldGen       total 217600K, used 63287K [0x0000000080000000, 0x000000008d480000, 0x00000000d5580000)
  object space 217600K, 29% used [0x0000000080000000,0x0000000083dcdc50,0x000000008d480000)
 Metaspace       used 48380K, capacity 48834K, committed 49152K, reserved 1093632K
  class space    used 5717K, capacity 5830K, committed 5888K, reserved 1048576K
}
Event: 5208.737 GC heap before
{Heap before GC invocations=107 (full 19):
 PSYoungGen      total 579072K, used 578641K [0x00000000d5580000, 0x00000000fe780000, 0x0000000100000000)
  eden space 564224K, 100% used [0x00000000d5580000,0x00000000f7c80000,0x00000000f7c80000)
  from space 14848K, 97% used [0x00000000fc900000,0x00000000fd7144c8,0x00000000fd780000)
  to   space 16384K, 0% used [0x00000000fd780000,0x00000000fd780000,0x00000000fe780000)
 ParOldGen       total 217600K, used 63287K [0x0000000080000000, 0x000000008d480000, 0x00000000d5580000)
  object space 217600K, 29% used [0x0000000080000000,0x0000000083dcdc50,0x000000008d480000)
 Metaspace       used 48413K, capacity 48834K, committed 49152K, reserved 1093632K
  class space    used 5717K, capacity 5830K, committed 5888K, reserved 1048576K
Event: 5208.750 GC heap after
Heap after GC invocations=107 (full 19):
 PSYoungGen      total 557056K, used 14375K [0x00000000d5580000, 0x00000000fe600000, 0x0000000100000000)
  eden space 542208K, 0% used [0x00000000d5580000,0x00000000d5580000,0x00000000f6700000)
  from space 14848K, 96% used [0x00000000fd780000,0x00000000fe589da0,0x00000000fe600000)
  to   space 22528K, 0% used [0x00000000fba00000,0x00000000fba00000,0x00000000fd000000)
 ParOldGen       total 217600K, used 63295K [0x0000000080000000, 0x000000008d480000, 0x00000000d5580000)
  object space 217600K, 29% used [0x0000000080000000,0x0000000083dcfc50,0x000000008d480000)
 Metaspace       used 48413K, capacity 48834K, committed 49152K, reserved 1093632K
  class space    used 5717K, capacity 5830K, committed 5888K, reserved 1048576K
}

