# JRE version: Java(TM) SE Runtime Environment (7.0_79-b15) (build 1.7.0_79-b15)
# Java VM: Java HotSpot(TM) 64-Bit Server VM (24.79-b02 mixed mode windows-amd64 compressed oops)
Heap
 PSYoungGen      total 102400K, used 1957K [0x00000000eaa80000, 0x00000000f1080000, 0x0000000100000000)
  eden space 100352K, 1% used [0x00000000eaa80000,0x00000000eac69748,0x00000000f0c80000)
  from space 2048K, 0% used [0x00000000f0c80000,0x00000000f0c80000,0x00000000f0e80000)
  to   space 2048K, 0% used [0x00000000f0e80000,0x00000000f0e80000,0x00000000f1080000)
 ParOldGen       total 175104K, used 35929K [0x00000000c0000000, 0x00000000cab00000, 0x00000000eaa80000)
  object space 175104K, 20% used [0x00000000c0000000,0x00000000c2316430,0x00000000cab00000)
 PSPermGen       total 29696K, used 26830K [0x00000000bae00000, 0x00000000bcb00000, 0x00000000c0000000)
  object space 29696K, 90% used [0x00000000bae00000,0x00000000bc833b00,0x00000000bcb00000)
GC Heap History (10 events):
Event: 2305.986 GC heap before
{Heap before GC invocations=143 (full 18):
 PSYoungGen      total 84992K, used 84480K [0x00000000eaa80000, 0x00000000f0000000, 0x0000000100000000)
  eden space 83456K, 100% used [0x00000000eaa80000,0x00000000efc00000,0x00000000efc00000)
  from space 1536K, 66% used [0x00000000efe80000,0x00000000eff80000,0x00000000f0000000)
  to   space 2048K, 0% used [0x00000000efc00000,0x00000000efc00000,0x00000000efe00000)
 ParOldGen       total 175104K, used 55428K [0x00000000c0000000, 0x00000000cab00000, 0x00000000eaa80000)
  object space 175104K, 31% used [0x00000000c0000000,0x00000000c3621100,0x00000000cab00000)
 PSPermGen       total 30720K, used 26831K [0x00000000bae00000, 0x00000000bcc00000, 0x00000000c0000000)
  object space 30720K, 87% used [0x00000000bae00000,0x00000000bc833de0,0x00000000bcc00000)
Event: 2305.989 GC heap after
Heap after GC invocations=143 (full 18):
 PSYoungGen      total 85504K, used 992K [0x00000000eaa80000, 0x00000000f1080000, 0x0000000100000000)
  eden space 83456K, 0% used [0x00000000eaa80000,0x00000000eaa80000,0x00000000efc00000)
  from space 2048K, 48% used [0x00000000efc00000,0x00000000efcf8000,0x00000000efe00000)
  to   space 2048K, 0% used [0x00000000f0e80000,0x00000000f0e80000,0x00000000f1080000)
 ParOldGen       total 175104K, used 55428K [0x00000000c0000000, 0x00000000cab00000, 0x00000000eaa80000)
  object space 175104K, 31% used [0x00000000c0000000,0x00000000c3621100,0x00000000cab00000)
 PSPermGen       total 30720K, used 26831K [0x00000000bae00000, 0x00000000bcc00000, 0x00000000c0000000)
  object space 30720K, 87% used [0x00000000bae00000,0x00000000bc833de0,0x00000000bcc00000)
}
Event: 2305.993 GC heap before
{Heap before GC invocations=144 (full 18):
 PSYoungGen      total 85504K, used 3136K [0x00000000eaa80000, 0x00000000f1080000, 0x0000000100000000)
  eden space 83456K, 2% used [0x00000000eaa80000,0x00000000eac98078,0x00000000efc00000)
  from space 2048K, 48% used [0x00000000efc00000,0x00000000efcf8000,0x00000000efe00000)
  to   space 2048K, 0% used [0x00000000f0e80000,0x00000000f0e80000,0x00000000f1080000)
 ParOldGen       total 175104K, used 55428K [0x00000000c0000000, 0x00000000cab00000, 0x00000000eaa80000)
  object space 175104K, 31% used [0x00000000c0000000,0x00000000c3621100,0x00000000cab00000)
 PSPermGen       total 30720K, used 26831K [0x00000000bae00000, 0x00000000bcc00000, 0x00000000c0000000)
  object space 30720K, 87% used [0x00000000bae00000,0x00000000bc833de0,0x00000000bcc00000)
Event: 2305.995 GC heap after
Heap after GC invocations=144 (full 18):
 PSYoungGen      total 102400K, used 64K [0x00000000eaa80000, 0x00000000f1080000, 0x0000000100000000)
  eden space 100352K, 0% used [0x00000000eaa80000,0x00000000eaa80000,0x00000000f0c80000)
  from space 2048K, 3% used [0x00000000f0e80000,0x00000000f0e90000,0x00000000f1080000)
  to   space 2048K, 0% used [0x00000000f0c80000,0x00000000f0c80000,0x00000000f0e80000)
 ParOldGen       total 175104K, used 55452K [0x00000000c0000000, 0x00000000cab00000, 0x00000000eaa80000)
  object space 175104K, 31% used [0x00000000c0000000,0x00000000c3627100,0x00000000cab00000)
 PSPermGen       total 30720K, used 26831K [0x00000000bae00000, 0x00000000bcc00000, 0x00000000c0000000)
  object space 30720K, 87% used [0x00000000bae00000,0x00000000bc833de0,0x00000000bcc00000)
}
Event: 2305.995 GC heap before
{Heap before GC invocations=145 (full 19):
 PSYoungGen      total 102400K, used 64K [0x00000000eaa80000, 0x00000000f1080000, 0x0000000100000000)
  eden space 100352K, 0% used [0x00000000eaa80000,0x00000000eaa80000,0x00000000f0c80000)
  from space 2048K, 3% used [0x00000000f0e80000,0x00000000f0e90000,0x00000000f1080000)
  to   space 2048K, 0% used [0x00000000f0c80000,0x00000000f0c80000,0x00000000f0e80000)
 ParOldGen       total 175104K, used 55452K [0x00000000c0000000, 0x00000000cab00000, 0x00000000eaa80000)
  object space 175104K, 31% used [0x00000000c0000000,0x00000000c3627100,0x00000000cab00000)
 PSPermGen       total 30720K, used 26831K [0x00000000bae00000, 0x00000000bcc00000, 0x00000000c0000000)
  object space 30720K, 87% used [0x00000000bae00000,0x00000000bc833de0,0x00000000bcc00000)
Event: 2306.082 GC heap after
Heap after GC invocations=145 (full 19):
 PSYoungGen      total 102400K, used 0K [0x00000000eaa80000, 0x00000000f1080000, 0x0000000100000000)
  eden space 100352K, 0% used [0x00000000eaa80000,0x00000000eaa80000,0x00000000f0c80000)
  from space 2048K, 0% used [0x00000000f0e80000,0x00000000f0e80000,0x00000000f1080000)
  to   space 2048K, 0% used [0x00000000f0c80000,0x00000000f0c80000,0x00000000f0e80000)
 ParOldGen       total 175104K, used 35981K [0x00000000c0000000, 0x00000000cab00000, 0x00000000eaa80000)
  object space 175104K, 20% used [0x00000000c0000000,0x00000000c23237d8,0x00000000cab00000)
 PSPermGen       total 30208K, used 26830K [0x00000000bae00000, 0x00000000bcb80000, 0x00000000c0000000)
  object space 30208K, 88% used [0x00000000bae00000,0x00000000bc833b00,0x00000000bcb80000)
}
Event: 2306.180 GC heap before
{Heap before GC invocations=146 (full 19):
 PSYoungGen      total 102400K, used 2075K [0x00000000eaa80000, 0x00000000f1080000, 0x0000000100000000)
  eden space 100352K, 2% used [0x00000000eaa80000,0x00000000eac86ce0,0x00000000f0c80000)
  from space 2048K, 0% used [0x00000000f0e80000,0x00000000f0e80000,0x00000000f1080000)
  to   space 2048K, 0% used [0x00000000f0c80000,0x00000000f0c80000,0x00000000f0e80000)
 ParOldGen       total 175104K, used 35981K [0x00000000c0000000, 0x00000000cab00000, 0x00000000eaa80000)
  object space 175104K, 20% used [0x00000000c0000000,0x00000000c23237d8,0x00000000cab00000)
 PSPermGen       total 30208K, used 26830K [0x00000000bae00000, 0x00000000bcb80000, 0x00000000c0000000)
  object space 30208K, 88% used [0x00000000bae00000,0x00000000bc833b00,0x00000000bcb80000)
Event: 2306.181 GC heap after
Heap after GC invocations=146 (full 19):
 PSYoungGen      total 102400K, used 64K [0x00000000eaa80000, 0x00000000f1080000, 0x0000000100000000)
  eden space 100352K, 0% used [0x00000000eaa80000,0x00000000eaa80000,0x00000000f0c80000)
  from space 2048K, 3% used [0x00000000f0c80000,0x00000000f0c90000,0x00000000f0e80000)
  to   space 2048K, 0% used [0x00000000f0e80000,0x00000000f0e80000,0x00000000f1080000)
 ParOldGen       total 175104K, used 35981K [0x00000000c0000000, 0x00000000cab00000, 0x00000000eaa80000)
  object space 175104K, 20% used [0x00000000c0000000,0x00000000c23237d8,0x00000000cab00000)
 PSPermGen       total 30208K, used 26830K [0x00000000bae00000, 0x00000000bcb80000, 0x00000000c0000000)
  object space 30208K, 88% used [0x00000000bae00000,0x00000000bc833b00,0x00000000bcb80000)
}
Event: 2306.182 GC heap before
{Heap before GC invocations=147 (full 20):
 PSYoungGen      total 102400K, used 64K [0x00000000eaa80000, 0x00000000f1080000, 0x0000000100000000)
  eden space 100352K, 0% used [0x00000000eaa80000,0x00000000eaa80000,0x00000000f0c80000)
  from space 2048K, 3% used [0x00000000f0c80000,0x00000000f0c90000,0x00000000f0e80000)
  to   space 2048K, 0% used [0x00000000f0e80000,0x00000000f0e80000,0x00000000f1080000)
 ParOldGen       total 175104K, used 35981K [0x00000000c0000000, 0x00000000cab00000, 0x00000000eaa80000)
  object space 175104K, 20% used [0x00000000c0000000,0x00000000c23237d8,0x00000000cab00000)
 PSPermGen       total 30208K, used 26830K [0x00000000bae00000, 0x00000000bcb80000, 0x00000000c0000000)
  object space 30208K, 88% used [0x00000000bae00000,0x00000000bc833b00,0x00000000bcb80000)
Event: 2306.233 GC heap after
Heap after GC invocations=147 (full 20):
 PSYoungGen      total 102400K, used 0K [0x00000000eaa80000, 0x00000000f1080000, 0x0000000100000000)
  eden space 100352K, 0% used [0x00000000eaa80000,0x00000000eaa80000,0x00000000f0c80000)
  from space 2048K, 0% used [0x00000000f0c80000,0x00000000f0c80000,0x00000000f0e80000)
  to   space 2048K, 0% used [0x00000000f0e80000,0x00000000f0e80000,0x00000000f1080000)
 ParOldGen       total 175104K, used 35929K [0x00000000c0000000, 0x00000000cab00000, 0x00000000eaa80000)
  object space 175104K, 20% used [0x00000000c0000000,0x00000000c2316430,0x00000000cab00000)
 PSPermGen       total 29696K, used 26830K [0x00000000bae00000, 0x00000000bcb00000, 0x00000000c0000000)
  object space 29696K, 90% used [0x00000000bae00000,0x00000000bc833b00,0x00000000bcb00000)
}

